<?xml version="1.0" encoding="UTF-8"?>
<testsuite xmlns:xsi="http://www.w3.org/2001/XMLSchema-instance" xsi:noNamespaceSchemaLocation="https://maven.apache.org/surefire/maven-surefire-plugin/xsd/surefire-test-report-3.0.xsd" version="3.0" name="tests.PostTests" time="2.647" tests="4" errors="0" skipped="0" failures="1">
  <properties>
    <property name="java.specification.version" value="21"/>
    <property name="sun.jnu.encoding" value="UTF-8"/>
    <property name="java.class.path" value="/Users/carlosbonfatti/Desktop/desafio-outcera/desafio-test-automatizado-api/target/test-classes:/Users/carlosbonfatti/Desktop/desafio-outcera/desafio-test-automatizado-api/target/classes:/Users/carlosbonfatti/.m2/repository/io/rest-assured/rest-assured/5.5.0/rest-assured-5.5.0.jar:/Users/carlosbonfatti/.m2/repository/org/apache/groovy/groovy/4.0.22/groovy-4.0.22.jar:/Users/carlosbonfatti/.m2/repository/org/apache/groovy/groovy-xml/4.0.22/groovy-xml-4.0.22.jar:/Users/carlosbonfatti/.m2/repository/org/apache/httpcomponents/httpclient/4.5.13/httpclient-4.5.13.jar:/Users/carlosbonfatti/.m2/repository/org/apache/httpcomponents/httpcore/4.4.13/httpcore-4.4.13.jar:/Users/carlosbonfatti/.m2/repository/commons-logging/commons-logging/1.2/commons-logging-1.2.jar:/Users/carlosbonfatti/.m2/repository/commons-codec/commons-codec/1.11/commons-codec-1.11.jar:/Users/carlosbonfatti/.m2/repository/org/apache/httpcomponents/httpmime/4.5.13/httpmime-4.5.13.jar:/Users/carlosbonfatti/.m2/repository/org/ccil/cowan/tagsoup/tagsoup/1.2.1/tagsoup-1.2.1.jar:/Users/carlosbonfatti/.m2/repository/io/rest-assured/json-path/5.5.0/json-path-5.5.0.jar:/Users/carlosbonfatti/.m2/repository/org/apache/groovy/groovy-json/4.0.22/groovy-json-4.0.22.jar:/Users/carlosbonfatti/.m2/repository/io/rest-assured/rest-assured-common/5.5.0/rest-assured-common-5.5.0.jar:/Users/carlosbonfatti/.m2/repository/io/rest-assured/xml-path/5.5.0/xml-path-5.5.0.jar:/Users/carlosbonfatti/.m2/repository/org/apache/commons/commons-lang3/3.11/commons-lang3-3.11.jar:/Users/carlosbonfatti/.m2/repository/io/rest-assured/json-schema-validator/4.3.0/json-schema-validator-4.3.0.jar:/Users/carlosbonfatti/.m2/repository/com/github/java-json-tools/json-schema-validator/2.2.10/json-schema-validator-2.2.10.jar:/Users/carlosbonfatti/.m2/repository/com/github/java-json-tools/json-schema-core/1.2.10/json-schema-core-1.2.10.jar:/Users/carlosbonfatti/.m2/repository/com/github/java-json-tools/jackson-coreutils/1.9/jackson-coreutils-1.9.jar:/Users/carlosbonfatti/.m2/repository/com/google/guava/guava/16.0.1/guava-16.0.1.jar:/Users/carlosbonfatti/.m2/repository/com/github/fge/msg-simple/1.1/msg-simple-1.1.jar:/Users/carlosbonfatti/.m2/repository/com/github/fge/btf/1.2/btf-1.2.jar:/Users/carlosbonfatti/.m2/repository/com/github/fge/uri-template/0.9/uri-template-0.9.jar:/Users/carlosbonfatti/.m2/repository/org/mozilla/rhino/1.7.7.1/rhino-1.7.7.1.jar:/Users/carlosbonfatti/.m2/repository/javax/mail/mailapi/1.4.3/mailapi-1.4.3.jar:/Users/carlosbonfatti/.m2/repository/javax/activation/activation/1.1/activation-1.1.jar:/Users/carlosbonfatti/.m2/repository/joda-time/joda-time/2.9.7/joda-time-2.9.7.jar:/Users/carlosbonfatti/.m2/repository/com/googlecode/libphonenumber/libphonenumber/8.0.0/libphonenumber-8.0.0.jar:/Users/carlosbonfatti/.m2/repository/com/google/code/findbugs/jsr305/3.0.1/jsr305-3.0.1.jar:/Users/carlosbonfatti/.m2/repository/net/sf/jopt-simple/jopt-simple/5.0.3/jopt-simple-5.0.3.jar:/Users/carlosbonfatti/.m2/repository/com/fasterxml/jackson/core/jackson-databind/2.14.2/jackson-databind-2.14.2.jar:/Users/carlosbonfatti/.m2/repository/com/fasterxml/jackson/core/jackson-annotations/2.14.2/jackson-annotations-2.14.2.jar:/Users/carlosbonfatti/.m2/repository/com/fasterxml/jackson/core/jackson-core/2.14.2/jackson-core-2.14.2.jar:/Users/carlosbonfatti/.m2/repository/org/hamcrest/hamcrest/2.2/hamcrest-2.2.jar:/Users/carlosbonfatti/.m2/repository/org/junit/jupiter/junit-jupiter-api/5.9.2/junit-jupiter-api-5.9.2.jar:/Users/carlosbonfatti/.m2/repository/org/opentest4j/opentest4j/1.2.0/opentest4j-1.2.0.jar:/Users/carlosbonfatti/.m2/repository/org/junit/platform/junit-platform-commons/1.9.2/junit-platform-commons-1.9.2.jar:/Users/carlosbonfatti/.m2/repository/org/apiguardian/apiguardian-api/1.1.2/apiguardian-api-1.1.2.jar:/Users/carlosbonfatti/.m2/repository/org/junit/jupiter/junit-jupiter-engine/5.9.1/junit-jupiter-engine-5.9.1.jar:/Users/carlosbonfatti/.m2/repository/org/junit/platform/junit-platform-engine/1.9.1/junit-platform-engine-1.9.1.jar:/Users/carlosbonfatti/.m2/repository/net/datafaker/datafaker/1.9.0/datafaker-1.9.0.jar:/Users/carlosbonfatti/.m2/repository/org/yaml/snakeyaml/2.0/snakeyaml-2.0.jar:/Users/carlosbonfatti/.m2/repository/com/github/mifmif/generex/1.0.2/generex-1.0.2.jar:/Users/carlosbonfatti/.m2/repository/dk/brics/automaton/automaton/1.11-8/automaton-1.11-8.jar:/Users/carlosbonfatti/.m2/repository/io/qameta/allure/allure-junit5/2.23.0/allure-junit5-2.23.0.jar:/Users/carlosbonfatti/.m2/repository/io/qameta/allure/allure-junit-platform/2.23.0/allure-junit-platform-2.23.0.jar:/Users/carlosbonfatti/.m2/repository/io/qameta/allure/allure-java-commons/2.23.0/allure-java-commons-2.23.0.jar:/Users/carlosbonfatti/.m2/repository/org/slf4j/slf4j-api/1.7.36/slf4j-api-1.7.36.jar:/Users/carlosbonfatti/.m2/repository/io/qameta/allure/allure-model/2.23.0/allure-model-2.23.0.jar:/Users/carlosbonfatti/.m2/repository/io/qameta/allure/allure-test-filter/2.23.0/allure-test-filter-2.23.0.jar:/Users/carlosbonfatti/.m2/repository/org/junit/platform/junit-platform-launcher/1.9.2/junit-platform-launcher-1.9.2.jar:"/>
    <property name="java.vm.vendor" value="Oracle Corporation"/>
    <property name="sun.arch.data.model" value="64"/>
    <property name="java.vendor.url" value="https://java.oracle.com/"/>
    <property name="user.timezone" value="America/Sao_Paulo"/>
    <property name="os.name" value="Mac OS X"/>
    <property name="java.vm.specification.version" value="21"/>
    <property name="sun.java.launcher" value="SUN_STANDARD"/>
    <property name="user.country" value="BR"/>
    <property name="allure.link.issue.pattern" value="https://example.org/browse/{}"/>
    <property name="sun.boot.library.path" value="/Library/Java/JavaVirtualMachines/jdk-21.jdk/Contents/Home/lib"/>
    <property name="sun.java.command" value="/Users/carlosbonfatti/Desktop/desafio-outcera/desafio-test-automatizado-api/target/surefire/surefirebooter4672614039592475545.jar /Users/carlosbonfatti/Desktop/desafio-outcera/desafio-test-automatizado-api/target/surefire 2024-11-25T22-53-02_866-jvmRun1 surefire806968664984411424tmp surefire_015468385700761917838tmp"/>
    <property name="http.nonProxyHosts" value="local|*.local|169.254/16|*.169.254/16"/>
    <property name="jdk.debug" value="release"/>
    <property name="surefire.test.class.path" value="/Users/carlosbonfatti/Desktop/desafio-outcera/desafio-test-automatizado-api/target/test-classes:/Users/carlosbonfatti/Desktop/desafio-outcera/desafio-test-automatizado-api/target/classes:/Users/carlosbonfatti/.m2/repository/io/rest-assured/rest-assured/5.5.0/rest-assured-5.5.0.jar:/Users/carlosbonfatti/.m2/repository/org/apache/groovy/groovy/4.0.22/groovy-4.0.22.jar:/Users/carlosbonfatti/.m2/repository/org/apache/groovy/groovy-xml/4.0.22/groovy-xml-4.0.22.jar:/Users/carlosbonfatti/.m2/repository/org/apache/httpcomponents/httpclient/4.5.13/httpclient-4.5.13.jar:/Users/carlosbonfatti/.m2/repository/org/apache/httpcomponents/httpcore/4.4.13/httpcore-4.4.13.jar:/Users/carlosbonfatti/.m2/repository/commons-logging/commons-logging/1.2/commons-logging-1.2.jar:/Users/carlosbonfatti/.m2/repository/commons-codec/commons-codec/1.11/commons-codec-1.11.jar:/Users/carlosbonfatti/.m2/repository/org/apache/httpcomponents/httpmime/4.5.13/httpmime-4.5.13.jar:/Users/carlosbonfatti/.m2/repository/org/ccil/cowan/tagsoup/tagsoup/1.2.1/tagsoup-1.2.1.jar:/Users/carlosbonfatti/.m2/repository/io/rest-assured/json-path/5.5.0/json-path-5.5.0.jar:/Users/carlosbonfatti/.m2/repository/org/apache/groovy/groovy-json/4.0.22/groovy-json-4.0.22.jar:/Users/carlosbonfatti/.m2/repository/io/rest-assured/rest-assured-common/5.5.0/rest-assured-common-5.5.0.jar:/Users/carlosbonfatti/.m2/repository/io/rest-assured/xml-path/5.5.0/xml-path-5.5.0.jar:/Users/carlosbonfatti/.m2/repository/org/apache/commons/commons-lang3/3.11/commons-lang3-3.11.jar:/Users/carlosbonfatti/.m2/repository/io/rest-assured/json-schema-validator/4.3.0/json-schema-validator-4.3.0.jar:/Users/carlosbonfatti/.m2/repository/com/github/java-json-tools/json-schema-validator/2.2.10/json-schema-validator-2.2.10.jar:/Users/carlosbonfatti/.m2/repository/com/github/java-json-tools/json-schema-core/1.2.10/json-schema-core-1.2.10.jar:/Users/carlosbonfatti/.m2/repository/com/github/java-json-tools/jackson-coreutils/1.9/jackson-coreutils-1.9.jar:/Users/carlosbonfatti/.m2/repository/com/google/guava/guava/16.0.1/guava-16.0.1.jar:/Users/carlosbonfatti/.m2/repository/com/github/fge/msg-simple/1.1/msg-simple-1.1.jar:/Users/carlosbonfatti/.m2/repository/com/github/fge/btf/1.2/btf-1.2.jar:/Users/carlosbonfatti/.m2/repository/com/github/fge/uri-template/0.9/uri-template-0.9.jar:/Users/carlosbonfatti/.m2/repository/org/mozilla/rhino/1.7.7.1/rhino-1.7.7.1.jar:/Users/carlosbonfatti/.m2/repository/javax/mail/mailapi/1.4.3/mailapi-1.4.3.jar:/Users/carlosbonfatti/.m2/repository/javax/activation/activation/1.1/activation-1.1.jar:/Users/carlosbonfatti/.m2/repository/joda-time/joda-time/2.9.7/joda-time-2.9.7.jar:/Users/carlosbonfatti/.m2/repository/com/googlecode/libphonenumber/libphonenumber/8.0.0/libphonenumber-8.0.0.jar:/Users/carlosbonfatti/.m2/repository/com/google/code/findbugs/jsr305/3.0.1/jsr305-3.0.1.jar:/Users/carlosbonfatti/.m2/repository/net/sf/jopt-simple/jopt-simple/5.0.3/jopt-simple-5.0.3.jar:/Users/carlosbonfatti/.m2/repository/com/fasterxml/jackson/core/jackson-databind/2.14.2/jackson-databind-2.14.2.jar:/Users/carlosbonfatti/.m2/repository/com/fasterxml/jackson/core/jackson-annotations/2.14.2/jackson-annotations-2.14.2.jar:/Users/carlosbonfatti/.m2/repository/com/fasterxml/jackson/core/jackson-core/2.14.2/jackson-core-2.14.2.jar:/Users/carlosbonfatti/.m2/repository/org/hamcrest/hamcrest/2.2/hamcrest-2.2.jar:/Users/carlosbonfatti/.m2/repository/org/junit/jupiter/junit-jupiter-api/5.9.2/junit-jupiter-api-5.9.2.jar:/Users/carlosbonfatti/.m2/repository/org/opentest4j/opentest4j/1.2.0/opentest4j-1.2.0.jar:/Users/carlosbonfatti/.m2/repository/org/junit/platform/junit-platform-commons/1.9.2/junit-platform-commons-1.9.2.jar:/Users/carlosbonfatti/.m2/repository/org/apiguardian/apiguardian-api/1.1.2/apiguardian-api-1.1.2.jar:/Users/carlosbonfatti/.m2/repository/org/junit/jupiter/junit-jupiter-engine/5.9.1/junit-jupiter-engine-5.9.1.jar:/Users/carlosbonfatti/.m2/repository/org/junit/platform/junit-platform-engine/1.9.1/junit-platform-engine-1.9.1.jar:/Users/carlosbonfatti/.m2/repository/net/datafaker/datafaker/1.9.0/datafaker-1.9.0.jar:/Users/carlosbonfatti/.m2/repository/org/yaml/snakeyaml/2.0/snakeyaml-2.0.jar:/Users/carlosbonfatti/.m2/repository/com/github/mifmif/generex/1.0.2/generex-1.0.2.jar:/Users/carlosbonfatti/.m2/repository/dk/brics/automaton/automaton/1.11-8/automaton-1.11-8.jar:/Users/carlosbonfatti/.m2/repository/io/qameta/allure/allure-junit5/2.23.0/allure-junit5-2.23.0.jar:/Users/carlosbonfatti/.m2/repository/io/qameta/allure/allure-junit-platform/2.23.0/allure-junit-platform-2.23.0.jar:/Users/carlosbonfatti/.m2/repository/io/qameta/allure/allure-java-commons/2.23.0/allure-java-commons-2.23.0.jar:/Users/carlosbonfatti/.m2/repository/org/slf4j/slf4j-api/1.7.36/slf4j-api-1.7.36.jar:/Users/carlosbonfatti/.m2/repository/io/qameta/allure/allure-model/2.23.0/allure-model-2.23.0.jar:/Users/carlosbonfatti/.m2/repository/io/qameta/allure/allure-test-filter/2.23.0/allure-test-filter-2.23.0.jar:/Users/carlosbonfatti/.m2/repository/org/junit/platform/junit-platform-launcher/1.9.2/junit-platform-launcher-1.9.2.jar:"/>
    <property name="allure.results.directory" value="/Users/carlosbonfatti/Desktop/desafio-outcera/desafio-test-automatizado-api/target/allure-results"/>
    <property name="sun.cpu.endian" value="little"/>
    <property name="user.home" value="/Users/carlosbonfatti"/>
    <property name="user.language" value="en"/>
    <property name="java.specification.vendor" value="Oracle Corporation"/>
    <property name="java.version.date" value="2024-04-16"/>
    <property name="java.home" value="/Library/Java/JavaVirtualMachines/jdk-21.jdk/Contents/Home"/>
    <property name="file.separator" value="/"/>
    <property name="allure.link.tms.pattern" value="https://example.org/browse/{}"/>
    <property name="basedir" value="/Users/carlosbonfatti/Desktop/desafio-outcera/desafio-test-automatizado-api"/>
    <property name="java.vm.compressedOopsMode" value="Zero based"/>
    <property name="line.separator" value="&#10;"/>
    <property name="java.vm.specification.vendor" value="Oracle Corporation"/>
    <property name="java.specification.name" value="Java Platform API Specification"/>
    <property name="apple.awt.application.name" value="ForkedBooter"/>
    <property name="surefire.real.class.path" value="/Users/carlosbonfatti/Desktop/desafio-outcera/desafio-test-automatizado-api/target/surefire/surefirebooter4672614039592475545.jar"/>
    <property name="sun.management.compiler" value="HotSpot 64-Bit Tiered Compilers"/>
    <property name="ftp.nonProxyHosts" value="local|*.local|169.254/16|*.169.254/16"/>
    <property name="java.runtime.version" value="21.0.3+7-LTS-152"/>
    <property name="user.name" value="carlosbonfatti"/>
    <property name="stdout.encoding" value="UTF-8"/>
    <property name="path.separator" value=":"/>
    <property name="os.version" value="15.1.1"/>
    <property name="java.runtime.name" value="Java(TM) SE Runtime Environment"/>
    <property name="file.encoding" value="UTF-8"/>
    <property name="java.vm.name" value="Java HotSpot(TM) 64-Bit Server VM"/>
    <property name="localRepository" value="/Users/carlosbonfatti/.m2/repository"/>
    <property name="java.vendor.url.bug" value="https://bugreport.java.com/bugreport/"/>
    <property name="java.io.tmpdir" value="/var/folders/8k/p_0sbqqs1717tkpf730m4nrr0000gn/T/"/>
    <property name="java.version" value="21.0.3"/>
    <property name="user.dir" value="/Users/carlosbonfatti/Desktop/desafio-outcera/desafio-test-automatizado-api"/>
    <property name="os.arch" value="aarch64"/>
    <property name="java.vm.specification.name" value="Java Virtual Machine Specification"/>
    <property name="native.encoding" value="UTF-8"/>
    <property name="java.library.path" value="/Users/carlosbonfatti/Library/Java/Extensions:/Library/Java/Extensions:/Network/Library/Java/Extensions:/System/Library/Java/Extensions:/usr/lib/java:."/>
    <property name="java.vm.info" value="mixed mode, sharing"/>
    <property name="stderr.encoding" value="UTF-8"/>
    <property name="java.vendor" value="Oracle Corporation"/>
    <property name="java.vm.version" value="21.0.3+7-LTS-152"/>
    <property name="sun.io.unicode.encoding" value="UnicodeBig"/>
    <property name="socksNonProxyHosts" value="local|*.local|169.254/16|*.169.254/16"/>
    <property name="java.class.version" value="65.0"/>
  </properties>
  <testcase name="testGetPostById" classname="tests.PostTests" time="1.156"/>
  <testcase name="testGetNonExistentPost" classname="tests.PostTests" time="0.436"/>
  <testcase name="testCreatePostInvalidData" classname="tests.PostTests" time="0.562">
    <failure type="java.lang.AssertionError"><![CDATA[java.lang.AssertionError: 
1 expectation failed.
Expected status code <400> but was <201>.

	at tests.PostTests.lambda$testCreatePostInvalidData$2(PostTests.java:71)
	at tests.PostTests.testCreatePostInvalidData(PostTests.java:64)
]]></failure>
  </testcase>
  <testcase name="testCreatePost" classname="tests.PostTests" time="0.467"/>
</testsuite>